[debug] [2025-01-31T15:27:15.369Z] ----------------------------------------------------------------------
[debug] [2025-01-31T15:27:15.372Z] Command:       C:\Program Files\nodejs\node.exe C:\Users\Dell\AppData\Roaming\npm\node_modules\firebase-tools\lib\bin\firebase.js deploy
[debug] [2025-01-31T15:27:15.372Z] CLI Version:   13.29.3
[debug] [2025-01-31T15:27:15.372Z] Platform:      win32
[debug] [2025-01-31T15:27:15.372Z] Node Version:  v20.15.1
[debug] [2025-01-31T15:27:15.372Z] Time:          Fri Jan 31 2025 20:57:15 GMT+0530 (India Standard Time)
[debug] [2025-01-31T15:27:15.373Z] ----------------------------------------------------------------------
[debug] 
[debug] [2025-01-31T15:27:15.607Z] > command requires scopes: ["email","openid","https://www.googleapis.com/auth/cloudplatformprojects.readonly","https://www.googleapis.com/auth/firebase","https://www.googleapis.com/auth/cloud-platform"]
[debug] [2025-01-31T15:27:15.607Z] > authorizing via signed-in user (hesarapasandul632@gmail.com)
[debug] [2025-01-31T15:27:15.607Z] [iam] checking project hesara-portfolio for permissions ["firebase.projects.get","firebasehosting.sites.update"]
[debug] [2025-01-31T15:27:15.609Z] Checked if tokens are valid: true, expires at: 1738340345505
[debug] [2025-01-31T15:27:15.609Z] Checked if tokens are valid: true, expires at: 1738340345505
[debug] [2025-01-31T15:27:15.610Z] >>> [apiv2][query] POST https://cloudresourcemanager.googleapis.com/v1/projects/hesara-portfolio:testIamPermissions [none]
[debug] [2025-01-31T15:27:15.610Z] >>> [apiv2][(partial)header] POST https://cloudresourcemanager.googleapis.com/v1/projects/hesara-portfolio:testIamPermissions x-goog-quota-user=projects/hesara-portfolio
[debug] [2025-01-31T15:27:15.610Z] >>> [apiv2][body] POST https://cloudresourcemanager.googleapis.com/v1/projects/hesara-portfolio:testIamPermissions {"permissions":["firebase.projects.get","firebasehosting.sites.update"]}
[debug] [2025-01-31T15:27:16.913Z] <<< [apiv2][status] POST https://cloudresourcemanager.googleapis.com/v1/projects/hesara-portfolio:testIamPermissions 200
[debug] [2025-01-31T15:27:16.913Z] <<< [apiv2][body] POST https://cloudresourcemanager.googleapis.com/v1/projects/hesara-portfolio:testIamPermissions {"permissions":["firebase.projects.get","firebasehosting.sites.update"]}
[debug] [2025-01-31T15:27:16.914Z] Checked if tokens are valid: true, expires at: 1738340345505
[debug] [2025-01-31T15:27:16.914Z] Checked if tokens are valid: true, expires at: 1738340345505
[debug] [2025-01-31T15:27:16.914Z] >>> [apiv2][query] GET https://firebase.googleapis.com/v1beta1/projects/hesara-portfolio [none]
[debug] [2025-01-31T15:27:17.345Z] <<< [apiv2][status] GET https://firebase.googleapis.com/v1beta1/projects/hesara-portfolio 200
[debug] [2025-01-31T15:27:17.345Z] <<< [apiv2][body] GET https://firebase.googleapis.com/v1beta1/projects/hesara-portfolio {"projectId":"hesara-portfolio","projectNumber":"54111322107","displayName":"portfolio","name":"projects/hesara-portfolio","resources":{"hostingSite":"hesara-portfolio"},"state":"ACTIVE","etag":"1_bb02b50b-b448-4c75-b27a-f557fbea40fd"}
[info] 
   Thank you for trying our early preview of Next.js support on Firebase Hosting.
   During the preview, support is best-effort and breaking changes can be expected. Proceed with caution.
   The integration is known to work with Next.js version 12 - 15.0. You may encounter errors.

   Documentation: https://firebase.google.com/docs/hosting/frameworks/nextjs
   File a bug: https://github.com/firebase/firebase-tools/issues/new?template=bug_report.md
   Submit a feature request: https://github.com/firebase/firebase-tools/issues/new?template=feature_request.md

   We'd love to learn from you. Express your interest in helping us shape the future of Firebase Hosting: https://goo.gle/41enW5X

[debug] [2025-01-31T15:27:24.580Z] Checked if tokens are valid: true, expires at: 1738340345505
[debug] [2025-01-31T15:27:24.580Z] Checked if tokens are valid: true, expires at: 1738340345505
[debug] [2025-01-31T15:27:24.580Z] >>> [apiv2][query] GET https://firebasehosting.googleapis.com/v1beta1/projects/hesara-portfolio/sites/hesara-portfolio [none]
[debug] [2025-01-31T15:27:25.839Z] <<< [apiv2][status] GET https://firebasehosting.googleapis.com/v1beta1/projects/hesara-portfolio/sites/hesara-portfolio 200
[debug] [2025-01-31T15:27:25.839Z] <<< [apiv2][body] GET https://firebasehosting.googleapis.com/v1beta1/projects/hesara-portfolio/sites/hesara-portfolio {"name":"projects/hesara-portfolio/sites/hesara-portfolio","defaultUrl":"https://hesara-portfolio.web.app","type":"DEFAULT_SITE"}
[info]    ▲ Next.js 15.1.6

[info] 

